Analysis & Synthesis report for Lab3
Thu Oct 30 09:08:07 2025
Quartus II 64-Bit Version 13.0.1 Build 232 06/12/2013 Service Pack 1 SJ Web Edition


---------------------
; Table of Contents ;
---------------------
  1. Legal Notice
  2. Analysis & Synthesis Summary
  3. Analysis & Synthesis Settings
  4. Parallel Compilation
  5. Analysis & Synthesis Source Files Read
  6. Analysis & Synthesis Resource Usage Summary
  7. Analysis & Synthesis Resource Utilization by Entity
  8. General Register Statistics
  9. Elapsed Time Per Partition
 10. Analysis & Synthesis Messages



----------------
; Legal Notice ;
----------------
Copyright (C) 1991-2013 Altera Corporation
Your use of Altera Corporation's design tools, logic functions 
and other software and tools, and its AMPP partner logic 
functions, and any output files from any of the foregoing 
(including device programming or simulation files), and any 
associated documentation or information are expressly subject 
to the terms and conditions of the Altera Program License 
Subscription Agreement, Altera MegaCore Function License 
Agreement, or other applicable license agreement, including, 
without limitation, that your use is for the sole purpose of 
programming logic devices manufactured by Altera and sold by 
Altera or its authorized distributors.  Please refer to the 
applicable agreement for further details.



+--------------------------------------------------------------------------------------+
; Analysis & Synthesis Summary                                                         ;
+------------------------------------+-------------------------------------------------+
; Analysis & Synthesis Status        ; Successful - Thu Oct 30 09:08:07 2025           ;
; Quartus II 64-Bit Version          ; 13.0.1 Build 232 06/12/2013 SP 1 SJ Web Edition ;
; Revision Name                      ; Lab3                                            ;
; Top-level Entity Name              ; ALU                                             ;
; Family                             ; Cyclone II                                      ;
; Total logic elements               ; 37                                              ;
;     Total combinational functions  ; 37                                              ;
;     Dedicated logic registers      ; 0                                               ;
; Total registers                    ; 0                                               ;
; Total pins                         ; 19                                              ;
; Total virtual pins                 ; 0                                               ;
; Total memory bits                  ; 0                                               ;
; Embedded Multiplier 9-bit elements ; 0                                               ;
; Total PLLs                         ; 0                                               ;
+------------------------------------+-------------------------------------------------+


+----------------------------------------------------------------------------------------------------------------------+
; Analysis & Synthesis Settings                                                                                        ;
+----------------------------------------------------------------------------+--------------------+--------------------+
; Option                                                                     ; Setting            ; Default Value      ;
+----------------------------------------------------------------------------+--------------------+--------------------+
; Device                                                                     ; EP2C35F672C6       ;                    ;
; Top-level entity name                                                      ; ALU                ; Lab3               ;
; Family name                                                                ; Cyclone II         ; Cyclone IV GX      ;
; Use smart compilation                                                      ; Off                ; Off                ;
; Enable parallel Assembler and TimeQuest Timing Analyzer during compilation ; On                 ; On                 ;
; Enable compact report table                                                ; Off                ; Off                ;
; Restructure Multiplexers                                                   ; Auto               ; Auto               ;
; Create Debugging Nodes for IP Cores                                        ; Off                ; Off                ;
; Preserve fewer node names                                                  ; On                 ; On                 ;
; Disable OpenCore Plus hardware evaluation                                  ; Off                ; Off                ;
; Verilog Version                                                            ; Verilog_2001       ; Verilog_2001       ;
; VHDL Version                                                               ; VHDL_1993          ; VHDL_1993          ;
; State Machine Processing                                                   ; Auto               ; Auto               ;
; Safe State Machine                                                         ; Off                ; Off                ;
; Extract Verilog State Machines                                             ; On                 ; On                 ;
; Extract VHDL State Machines                                                ; On                 ; On                 ;
; Ignore Verilog initial constructs                                          ; Off                ; Off                ;
; Iteration limit for constant Verilog loops                                 ; 5000               ; 5000               ;
; Iteration limit for non-constant Verilog loops                             ; 250                ; 250                ;
; Add Pass-Through Logic to Inferred RAMs                                    ; On                 ; On                 ;
; Infer RAMs from Raw Logic                                                  ; On                 ; On                 ;
; Parallel Synthesis                                                         ; On                 ; On                 ;
; DSP Block Balancing                                                        ; Auto               ; Auto               ;
; NOT Gate Push-Back                                                         ; On                 ; On                 ;
; Power-Up Don't Care                                                        ; On                 ; On                 ;
; Remove Redundant Logic Cells                                               ; Off                ; Off                ;
; Remove Duplicate Registers                                                 ; On                 ; On                 ;
; Ignore CARRY Buffers                                                       ; Off                ; Off                ;
; Ignore CASCADE Buffers                                                     ; Off                ; Off                ;
; Ignore GLOBAL Buffers                                                      ; Off                ; Off                ;
; Ignore ROW GLOBAL Buffers                                                  ; Off                ; Off                ;
; Ignore LCELL Buffers                                                       ; Off                ; Off                ;
; Ignore SOFT Buffers                                                        ; On                 ; On                 ;
; Limit AHDL Integers to 32 Bits                                             ; Off                ; Off                ;
; Optimization Technique                                                     ; Balanced           ; Balanced           ;
; Carry Chain Length                                                         ; 70                 ; 70                 ;
; Auto Carry Chains                                                          ; On                 ; On                 ;
; Auto Open-Drain Pins                                                       ; On                 ; On                 ;
; Perform WYSIWYG Primitive Resynthesis                                      ; Off                ; Off                ;
; Auto ROM Replacement                                                       ; On                 ; On                 ;
; Auto RAM Replacement                                                       ; On                 ; On                 ;
; Auto Shift Register Replacement                                            ; Auto               ; Auto               ;
; Allow Shift Register Merging across Hierarchies                            ; Auto               ; Auto               ;
; Auto Clock Enable Replacement                                              ; On                 ; On                 ;
; Strict RAM Replacement                                                     ; Off                ; Off                ;
; Allow Synchronous Control Signals                                          ; On                 ; On                 ;
; Force Use of Synchronous Clear Signals                                     ; Off                ; Off                ;
; Auto RAM to Logic Cell Conversion                                          ; Off                ; Off                ;
; Auto Resource Sharing                                                      ; Off                ; Off                ;
; Allow Any RAM Size For Recognition                                         ; Off                ; Off                ;
; Allow Any ROM Size For Recognition                                         ; Off                ; Off                ;
; Allow Any Shift Register Size For Recognition                              ; Off                ; Off                ;
; Use LogicLock Constraints during Resource Balancing                        ; On                 ; On                 ;
; Ignore translate_off and synthesis_off directives                          ; Off                ; Off                ;
; Timing-Driven Synthesis                                                    ; Off                ; Off                ;
; Report Parameter Settings                                                  ; On                 ; On                 ;
; Report Source Assignments                                                  ; On                 ; On                 ;
; Report Connectivity Checks                                                 ; On                 ; On                 ;
; Ignore Maximum Fan-Out Assignments                                         ; Off                ; Off                ;
; Synchronization Register Chain Length                                      ; 2                  ; 2                  ;
; PowerPlay Power Optimization                                               ; Normal compilation ; Normal compilation ;
; HDL message level                                                          ; Level2             ; Level2             ;
; Suppress Register Optimization Related Messages                            ; Off                ; Off                ;
; Number of Removed Registers Reported in Synthesis Report                   ; 5000               ; 5000               ;
; Number of Swept Nodes Reported in Synthesis Report                         ; 5000               ; 5000               ;
; Number of Inverted Registers Reported in Synthesis Report                  ; 100                ; 100                ;
; Clock MUX Protection                                                       ; On                 ; On                 ;
; Auto Gated Clock Conversion                                                ; Off                ; Off                ;
; Block Design Naming                                                        ; Auto               ; Auto               ;
; SDC constraint protection                                                  ; Off                ; Off                ;
; Synthesis Effort                                                           ; Auto               ; Auto               ;
; Shift Register Replacement - Allow Asynchronous Clear Signal               ; On                 ; On                 ;
; Pre-Mapping Resynthesis Optimization                                       ; Off                ; Off                ;
; Analysis & Synthesis Message Level                                         ; Medium             ; Medium             ;
; Disable Register Merging Across Hierarchies                                ; Auto               ; Auto               ;
; Resource Aware Inference For Block RAM                                     ; On                 ; On                 ;
; Synthesis Seed                                                             ; 1                  ; 1                  ;
+----------------------------------------------------------------------------+--------------------+--------------------+


Parallel compilation was disabled, but you have multiple processors available. Enable parallel compilation to reduce compilation time.
+-------------------------------------+
; Parallel Compilation                ;
+----------------------------+--------+
; Processors                 ; Number ;
+----------------------------+--------+
; Number detected on machine ; 12     ;
; Maximum allowed            ; 1      ;
+----------------------------+--------+


+------------------------------------------------------------------------------------------------------------------------------------------------------------------+
; Analysis & Synthesis Source Files Read                                                                                                                           ;
+----------------------------------+-----------------+------------------------------------+--------------------------------------------------------------+---------+
; File Name with User-Entered Path ; Used in Netlist ; File Type                          ; File Name with Absolute Path                                 ; Library ;
+----------------------------------+-----------------+------------------------------------+--------------------------------------------------------------+---------+
; and_logic.bdf                    ; yes             ; User Block Diagram/Schematic File  ; D:/TKLLS/Lab3/and_logic.bdf                                  ;         ;
; or_logic.bdf                     ; yes             ; User Block Diagram/Schematic File  ; D:/TKLLS/Lab3/or_logic.bdf                                   ;         ;
; nand_logic.bdf                   ; yes             ; User Block Diagram/Schematic File  ; D:/TKLLS/Lab3/nand_logic.bdf                                 ;         ;
; xor_logic.bdf                    ; yes             ; User Block Diagram/Schematic File  ; D:/TKLLS/Lab3/xor_logic.bdf                                  ;         ;
; LOGIC.bdf                        ; yes             ; User Block Diagram/Schematic File  ; D:/TKLLS/Lab3/LOGIC.bdf                                      ;         ;
; full_adder.bdf                   ; yes             ; User Block Diagram/Schematic File  ; D:/TKLLS/Lab3/full_adder.bdf                                 ;         ;
; FA_4bits.bdf                     ; yes             ; User Block Diagram/Schematic File  ; D:/TKLLS/Lab3/FA_4bits.bdf                                   ;         ;
; SUB_4bits.bdf                    ; yes             ; User Block Diagram/Schematic File  ; D:/TKLLS/Lab3/SUB_4bits.bdf                                  ;         ;
; adder_1.bdf                      ; yes             ; User Block Diagram/Schematic File  ; D:/TKLLS/Lab3/adder_1.bdf                                    ;         ;
; sub_1.bdf                        ; yes             ; User Block Diagram/Schematic File  ; D:/TKLLS/Lab3/sub_1.bdf                                      ;         ;
; Arithmetic.bdf                   ; yes             ; User Block Diagram/Schematic File  ; D:/TKLLS/Lab3/Arithmetic.bdf                                 ;         ;
; ALU.bdf                          ; yes             ; User Block Diagram/Schematic File  ; D:/TKLLS/Lab3/ALU.bdf                                        ;         ;
; MUX8_1.bdf                       ; yes             ; User Block Diagram/Schematic File  ; D:/TKLLS/Lab3/MUX8_1.bdf                                     ;         ;
; 4BIT_MUX8_1.bdf                  ; yes             ; User Block Diagram/Schematic File  ; D:/TKLLS/Lab3/4BIT_MUX8_1.bdf                                ;         ;
; xor3.bdf                         ; yes             ; Megafunction                       ; c:/altera/13.0sp1/quartus/libraries/others/maxplus2/xor3.bdf ;         ;
+----------------------------------+-----------------+------------------------------------+--------------------------------------------------------------+---------+


+-----------------------------------------------------+
; Analysis & Synthesis Resource Usage Summary         ;
+---------------------------------------------+-------+
; Resource                                    ; Usage ;
+---------------------------------------------+-------+
; Estimated Total logic elements              ; 37    ;
;                                             ;       ;
; Total combinational functions               ; 37    ;
; Logic element usage by number of LUT inputs ;       ;
;     -- 4 input functions                    ; 28    ;
;     -- 3 input functions                    ; 7     ;
;     -- <=2 input functions                  ; 2     ;
;                                             ;       ;
; Logic elements by mode                      ;       ;
;     -- normal mode                          ; 37    ;
;     -- arithmetic mode                      ; 0     ;
;                                             ;       ;
; Total registers                             ; 0     ;
;     -- Dedicated logic registers            ; 0     ;
;     -- I/O registers                        ; 0     ;
;                                             ;       ;
; I/O pins                                    ; 19    ;
; Embedded Multiplier 9-bit elements          ; 0     ;
; Maximum fan-out node                        ; A[0]  ;
; Maximum fan-out                             ; 12    ;
; Total fan-out                               ; 145   ;
; Average fan-out                             ; 2.59  ;
+---------------------------------------------+-------+


+---------------------------------------------------------------------------------------------------------------------------------------------------------------------------------------------------------------+
; Analysis & Synthesis Resource Utilization by Entity                                                                                                                                                           ;
+-----------------------------+-------------------+--------------+-------------+--------------+---------+-----------+------+--------------+------------------------------------------------------+--------------+
; Compilation Hierarchy Node  ; LC Combinationals ; LC Registers ; Memory Bits ; DSP Elements ; DSP 9x9 ; DSP 18x18 ; Pins ; Virtual Pins ; Full Hierarchy Name                                  ; Library Name ;
+-----------------------------+-------------------+--------------+-------------+--------------+---------+-----------+------+--------------+------------------------------------------------------+--------------+
; |ALU                        ; 37 (0)            ; 0 (0)        ; 0           ; 0            ; 0       ; 0         ; 19   ; 0            ; |ALU                                                 ; work         ;
;    |4BIT_MUX8_1:inst6|      ; 29 (0)            ; 0 (0)        ; 0           ; 0            ; 0       ; 0         ; 0    ; 0            ; |ALU|4BIT_MUX8_1:inst6                               ; work         ;
;       |MUX8_1:inst1|        ; 7 (7)             ; 0 (0)        ; 0           ; 0            ; 0       ; 0         ; 0    ; 0            ; |ALU|4BIT_MUX8_1:inst6|MUX8_1:inst1                  ; work         ;
;       |MUX8_1:inst2|        ; 9 (9)             ; 0 (0)        ; 0           ; 0            ; 0       ; 0         ; 0    ; 0            ; |ALU|4BIT_MUX8_1:inst6|MUX8_1:inst2                  ; work         ;
;       |MUX8_1:inst3|        ; 9 (9)             ; 0 (0)        ; 0           ; 0            ; 0       ; 0         ; 0    ; 0            ; |ALU|4BIT_MUX8_1:inst6|MUX8_1:inst3                  ; work         ;
;       |MUX8_1:inst|         ; 4 (4)             ; 0 (0)        ; 0           ; 0            ; 0       ; 0         ; 0    ; 0            ; |ALU|4BIT_MUX8_1:inst6|MUX8_1:inst                   ; work         ;
;    |Arithmetic:inst|        ; 8 (0)             ; 0 (0)        ; 0           ; 0            ; 0       ; 0         ; 0    ; 0            ; |ALU|Arithmetic:inst                                 ; work         ;
;       |FA_4bits:inst2|      ; 3 (1)             ; 0 (0)        ; 0           ; 0            ; 0       ; 0         ; 0    ; 0            ; |ALU|Arithmetic:inst|FA_4bits:inst2                  ; work         ;
;          |full_adder:inst1| ; 1 (1)             ; 0 (0)        ; 0           ; 0            ; 0       ; 0         ; 0    ; 0            ; |ALU|Arithmetic:inst|FA_4bits:inst2|full_adder:inst1 ; work         ;
;          |full_adder:inst2| ; 1 (1)             ; 0 (0)        ; 0           ; 0            ; 0       ; 0         ; 0    ; 0            ; |ALU|Arithmetic:inst|FA_4bits:inst2|full_adder:inst2 ; work         ;
;       |SUB_4bits:inst|      ; 3 (1)             ; 0 (0)        ; 0           ; 0            ; 0       ; 0         ; 0    ; 0            ; |ALU|Arithmetic:inst|SUB_4bits:inst                  ; work         ;
;          |full_adder:inst1| ; 1 (1)             ; 0 (0)        ; 0           ; 0            ; 0       ; 0         ; 0    ; 0            ; |ALU|Arithmetic:inst|SUB_4bits:inst|full_adder:inst1 ; work         ;
;          |full_adder:inst2| ; 1 (1)             ; 0 (0)        ; 0           ; 0            ; 0       ; 0         ; 0    ; 0            ; |ALU|Arithmetic:inst|SUB_4bits:inst|full_adder:inst2 ; work         ;
;       |adder_1:inst1|       ; 1 (1)             ; 0 (0)        ; 0           ; 0            ; 0       ; 0         ; 0    ; 0            ; |ALU|Arithmetic:inst|adder_1:inst1                   ; work         ;
;       |sub_1:inst6|         ; 1 (1)             ; 0 (0)        ; 0           ; 0            ; 0       ; 0         ; 0    ; 0            ; |ALU|Arithmetic:inst|sub_1:inst6                     ; work         ;
+-----------------------------+-------------------+--------------+-------------+--------------+---------+-----------+------+--------------+------------------------------------------------------+--------------+
Note: For table entries with two numbers listed, the numbers in parentheses indicate the number of resources of the given type used by the specific entity alone. The numbers listed outside of parentheses indicate the total resources of the given type used by the specific entity and all of its sub-entities in the hierarchy.


+------------------------------------------------------+
; General Register Statistics                          ;
+----------------------------------------------+-------+
; Statistic                                    ; Value ;
+----------------------------------------------+-------+
; Total registers                              ; 0     ;
; Number of registers using Synchronous Clear  ; 0     ;
; Number of registers using Synchronous Load   ; 0     ;
; Number of registers using Asynchronous Clear ; 0     ;
; Number of registers using Asynchronous Load  ; 0     ;
; Number of registers using Clock Enable       ; 0     ;
; Number of registers using Preset             ; 0     ;
+----------------------------------------------+-------+


+-------------------------------+
; Elapsed Time Per Partition    ;
+----------------+--------------+
; Partition Name ; Elapsed Time ;
+----------------+--------------+
; Top            ; 00:00:00     ;
+----------------+--------------+


+-------------------------------+
; Analysis & Synthesis Messages ;
+-------------------------------+
Info: *******************************************************************
Info: Running Quartus II 64-Bit Analysis & Synthesis
    Info: Version 13.0.1 Build 232 06/12/2013 Service Pack 1 SJ Web Edition
    Info: Processing started: Thu Oct 30 09:08:06 2025
Info: Command: quartus_map --read_settings_files=on --write_settings_files=off Lab3 -c Lab3
Warning (20028): Parallel compilation is not licensed and has been disabled
Info (12021): Found 1 design units, including 1 entities, in source file and_logic.bdf
    Info (12023): Found entity 1: and_logic
Info (12021): Found 1 design units, including 1 entities, in source file or_logic.bdf
    Info (12023): Found entity 1: or_logic
Info (12021): Found 1 design units, including 1 entities, in source file nand_logic.bdf
    Info (12023): Found entity 1: nand_logic
Info (12021): Found 1 design units, including 1 entities, in source file xor_logic.bdf
    Info (12023): Found entity 1: xor_logic
Info (12021): Found 1 design units, including 1 entities, in source file logic.bdf
    Info (12023): Found entity 1: LOGIC
Info (12021): Found 1 design units, including 1 entities, in source file full_adder.bdf
    Info (12023): Found entity 1: full_adder
Info (12021): Found 1 design units, including 1 entities, in source file fa_4bits.bdf
    Info (12023): Found entity 1: FA_4bits
Info (12021): Found 1 design units, including 1 entities, in source file sub_4bits.bdf
    Info (12023): Found entity 1: SUB_4bits
Info (12021): Found 1 design units, including 1 entities, in source file adder_1.bdf
    Info (12023): Found entity 1: adder_1
Info (12021): Found 1 design units, including 1 entities, in source file sub_1.bdf
    Info (12023): Found entity 1: sub_1
Info (12021): Found 1 design units, including 1 entities, in source file arithmetic.bdf
    Info (12023): Found entity 1: Arithmetic
Info (12021): Found 1 design units, including 1 entities, in source file alu.bdf
    Info (12023): Found entity 1: ALU
Info (12021): Found 1 design units, including 1 entities, in source file mux8_1.bdf
    Info (12023): Found entity 1: MUX8_1
Info (12021): Found 1 design units, including 1 entities, in source file 4bit_mux8_1.bdf
    Info (12023): Found entity 1: 4BIT_MUX8_1
Info (12021): Found 1 design units, including 1 entities, in source file block3.bdf
    Info (12023): Found entity 1: Block3
Info (12021): Found 1 design units, including 1 entities, in source file level_1.bdf
    Info (12023): Found entity 1: LEVEL_1
Info (12021): Found 1 design units, including 1 entities, in source file level_2.bdf
    Info (12023): Found entity 1: LEVEL_2
Info (12127): Elaborating entity "ALU" for the top level hierarchy
Info (12128): Elaborating entity "Arithmetic" for hierarchy "Arithmetic:inst"
Info (12128): Elaborating entity "adder_1" for hierarchy "Arithmetic:inst|adder_1:inst1"
Warning (275009): Pin "B" not connected
Warning (275008): Primitive "GND" of instance "inst7" not used
Info (12128): Elaborating entity "full_adder" for hierarchy "Arithmetic:inst|adder_1:inst1|full_adder:inst2"
Info (12128): Elaborating entity "XOR3" for hierarchy "Arithmetic:inst|adder_1:inst1|full_adder:inst2|XOR3:inst"
Info (12130): Elaborated megafunction instantiation "Arithmetic:inst|adder_1:inst1|full_adder:inst2|XOR3:inst"
Info (12128): Elaborating entity "FA_4bits" for hierarchy "Arithmetic:inst|FA_4bits:inst2"
Info (12128): Elaborating entity "SUB_4bits" for hierarchy "Arithmetic:inst|SUB_4bits:inst"
Info (12128): Elaborating entity "sub_1" for hierarchy "Arithmetic:inst|sub_1:inst6"
Warning (275009): Pin "B" not connected
Warning (275008): Primitive "GND" of instance "inst11" not used
Info (12128): Elaborating entity "4BIT_MUX8_1" for hierarchy "4BIT_MUX8_1:inst6"
Info (12128): Elaborating entity "MUX8_1" for hierarchy "4BIT_MUX8_1:inst6|MUX8_1:inst"
Info (12128): Elaborating entity "LOGIC" for hierarchy "LOGIC:inst1"
Info (12128): Elaborating entity "and_logic" for hierarchy "LOGIC:inst1|and_logic:inst"
Info (12128): Elaborating entity "nand_logic" for hierarchy "LOGIC:inst1|nand_logic:inst1"
Info (12128): Elaborating entity "or_logic" for hierarchy "LOGIC:inst1|or_logic:inst2"
Info (12128): Elaborating entity "xor_logic" for hierarchy "LOGIC:inst1|xor_logic:inst3"
Info (16010): Generating hard_block partition "hard_block:auto_generated_inst"
    Info (16011): Adding 0 node(s), including 0 DDIO, 0 PLL, 0 transceiver and 0 LCELL
Info (21057): Implemented 56 device resources after synthesis - the final resource count might be different
    Info (21058): Implemented 11 input pins
    Info (21059): Implemented 8 output pins
    Info (21061): Implemented 37 logic cells
Info: Quartus II 64-Bit Analysis & Synthesis was successful. 0 errors, 5 warnings
    Info: Peak virtual memory: 4603 megabytes
    Info: Processing ended: Thu Oct 30 09:08:07 2025
    Info: Elapsed time: 00:00:01
    Info: Total CPU time (on all processors): 00:00:01


