Analysis & Synthesis report for lab4_5
Thu Nov 13 10:21:20 2025
Quartus II 64-Bit Version 13.0.1 Build 232 06/12/2013 Service Pack 1 SJ Web Edition


---------------------
; Table of Contents ;
---------------------
  1. Legal Notice
  2. Analysis & Synthesis Summary
  3. Analysis & Synthesis Settings
  4. Parallel Compilation
  5. Analysis & Synthesis Source Files Read
  6. Analysis & Synthesis Resource Usage Summary
  7. Analysis & Synthesis Resource Utilization by Entity
  8. General Register Statistics
  9. Multiplexer Restructuring Statistics (Restructuring Performed)
 10. Elapsed Time Per Partition
 11. Analysis & Synthesis Messages



----------------
; Legal Notice ;
----------------
Copyright (C) 1991-2013 Altera Corporation
Your use of Altera Corporation's design tools, logic functions 
and other software and tools, and its AMPP partner logic 
functions, and any output files from any of the foregoing 
(including device programming or simulation files), and any 
associated documentation or information are expressly subject 
to the terms and conditions of the Altera Program License 
Subscription Agreement, Altera MegaCore Function License 
Agreement, or other applicable license agreement, including, 
without limitation, that your use is for the sole purpose of 
programming logic devices manufactured by Altera and sold by 
Altera or its authorized distributors.  Please refer to the 
applicable agreement for further details.



+--------------------------------------------------------------------------------------+
; Analysis & Synthesis Summary                                                         ;
+------------------------------------+-------------------------------------------------+
; Analysis & Synthesis Status        ; Successful - Thu Nov 13 10:21:20 2025           ;
; Quartus II 64-Bit Version          ; 13.0.1 Build 232 06/12/2013 SP 1 SJ Web Edition ;
; Revision Name                      ; lab4_5                                          ;
; Top-level Entity Name              ; MAIN                                            ;
; Family                             ; Cyclone II                                      ;
; Total logic elements               ; 49                                              ;
;     Total combinational functions  ; 49                                              ;
;     Dedicated logic registers      ; 19                                              ;
; Total registers                    ; 19                                              ;
; Total pins                         ; 38                                              ;
; Total virtual pins                 ; 0                                               ;
; Total memory bits                  ; 0                                               ;
; Embedded Multiplier 9-bit elements ; 0                                               ;
; Total PLLs                         ; 0                                               ;
+------------------------------------+-------------------------------------------------+


+----------------------------------------------------------------------------------------------------------------------+
; Analysis & Synthesis Settings                                                                                        ;
+----------------------------------------------------------------------------+--------------------+--------------------+
; Option                                                                     ; Setting            ; Default Value      ;
+----------------------------------------------------------------------------+--------------------+--------------------+
; Device                                                                     ; EP2C35F672C6       ;                    ;
; Top-level entity name                                                      ; MAIN               ; lab4_5             ;
; Family name                                                                ; Cyclone II         ; Cyclone IV GX      ;
; Use smart compilation                                                      ; Off                ; Off                ;
; Enable parallel Assembler and TimeQuest Timing Analyzer during compilation ; On                 ; On                 ;
; Enable compact report table                                                ; Off                ; Off                ;
; Restructure Multiplexers                                                   ; Auto               ; Auto               ;
; Create Debugging Nodes for IP Cores                                        ; Off                ; Off                ;
; Preserve fewer node names                                                  ; On                 ; On                 ;
; Disable OpenCore Plus hardware evaluation                                  ; Off                ; Off                ;
; Verilog Version                                                            ; Verilog_2001       ; Verilog_2001       ;
; VHDL Version                                                               ; VHDL_1993          ; VHDL_1993          ;
; State Machine Processing                                                   ; Auto               ; Auto               ;
; Safe State Machine                                                         ; Off                ; Off                ;
; Extract Verilog State Machines                                             ; On                 ; On                 ;
; Extract VHDL State Machines                                                ; On                 ; On                 ;
; Ignore Verilog initial constructs                                          ; Off                ; Off                ;
; Iteration limit for constant Verilog loops                                 ; 5000               ; 5000               ;
; Iteration limit for non-constant Verilog loops                             ; 250                ; 250                ;
; Add Pass-Through Logic to Inferred RAMs                                    ; On                 ; On                 ;
; Infer RAMs from Raw Logic                                                  ; On                 ; On                 ;
; Parallel Synthesis                                                         ; On                 ; On                 ;
; DSP Block Balancing                                                        ; Auto               ; Auto               ;
; NOT Gate Push-Back                                                         ; On                 ; On                 ;
; Power-Up Don't Care                                                        ; On                 ; On                 ;
; Remove Redundant Logic Cells                                               ; Off                ; Off                ;
; Remove Duplicate Registers                                                 ; On                 ; On                 ;
; Ignore CARRY Buffers                                                       ; Off                ; Off                ;
; Ignore CASCADE Buffers                                                     ; Off                ; Off                ;
; Ignore GLOBAL Buffers                                                      ; Off                ; Off                ;
; Ignore ROW GLOBAL Buffers                                                  ; Off                ; Off                ;
; Ignore LCELL Buffers                                                       ; Off                ; Off                ;
; Ignore SOFT Buffers                                                        ; On                 ; On                 ;
; Limit AHDL Integers to 32 Bits                                             ; Off                ; Off                ;
; Optimization Technique                                                     ; Balanced           ; Balanced           ;
; Carry Chain Length                                                         ; 70                 ; 70                 ;
; Auto Carry Chains                                                          ; On                 ; On                 ;
; Auto Open-Drain Pins                                                       ; On                 ; On                 ;
; Perform WYSIWYG Primitive Resynthesis                                      ; Off                ; Off                ;
; Auto ROM Replacement                                                       ; On                 ; On                 ;
; Auto RAM Replacement                                                       ; On                 ; On                 ;
; Auto Shift Register Replacement                                            ; Auto               ; Auto               ;
; Allow Shift Register Merging across Hierarchies                            ; Auto               ; Auto               ;
; Auto Clock Enable Replacement                                              ; On                 ; On                 ;
; Strict RAM Replacement                                                     ; Off                ; Off                ;
; Allow Synchronous Control Signals                                          ; On                 ; On                 ;
; Force Use of Synchronous Clear Signals                                     ; Off                ; Off                ;
; Auto RAM to Logic Cell Conversion                                          ; Off                ; Off                ;
; Auto Resource Sharing                                                      ; Off                ; Off                ;
; Allow Any RAM Size For Recognition                                         ; Off                ; Off                ;
; Allow Any ROM Size For Recognition                                         ; Off                ; Off                ;
; Allow Any Shift Register Size For Recognition                              ; Off                ; Off                ;
; Use LogicLock Constraints during Resource Balancing                        ; On                 ; On                 ;
; Ignore translate_off and synthesis_off directives                          ; Off                ; Off                ;
; Timing-Driven Synthesis                                                    ; Off                ; Off                ;
; Report Parameter Settings                                                  ; On                 ; On                 ;
; Report Source Assignments                                                  ; On                 ; On                 ;
; Report Connectivity Checks                                                 ; On                 ; On                 ;
; Ignore Maximum Fan-Out Assignments                                         ; Off                ; Off                ;
; Synchronization Register Chain Length                                      ; 2                  ; 2                  ;
; PowerPlay Power Optimization                                               ; Normal compilation ; Normal compilation ;
; HDL message level                                                          ; Level2             ; Level2             ;
; Suppress Register Optimization Related Messages                            ; Off                ; Off                ;
; Number of Removed Registers Reported in Synthesis Report                   ; 5000               ; 5000               ;
; Number of Swept Nodes Reported in Synthesis Report                         ; 5000               ; 5000               ;
; Number of Inverted Registers Reported in Synthesis Report                  ; 100                ; 100                ;
; Clock MUX Protection                                                       ; On                 ; On                 ;
; Auto Gated Clock Conversion                                                ; Off                ; Off                ;
; Block Design Naming                                                        ; Auto               ; Auto               ;
; SDC constraint protection                                                  ; Off                ; Off                ;
; Synthesis Effort                                                           ; Auto               ; Auto               ;
; Shift Register Replacement - Allow Asynchronous Clear Signal               ; On                 ; On                 ;
; Pre-Mapping Resynthesis Optimization                                       ; Off                ; Off                ;
; Analysis & Synthesis Message Level                                         ; Medium             ; Medium             ;
; Disable Register Merging Across Hierarchies                                ; Auto               ; Auto               ;
; Resource Aware Inference For Block RAM                                     ; On                 ; On                 ;
; Synthesis Seed                                                             ; 1                  ; 1                  ;
+----------------------------------------------------------------------------+--------------------+--------------------+


Parallel compilation was disabled, but you have multiple processors available. Enable parallel compilation to reduce compilation time.
+-------------------------------------+
; Parallel Compilation                ;
+----------------------------+--------+
; Processors                 ; Number ;
+----------------------------+--------+
; Number detected on machine ; 12     ;
; Maximum allowed            ; 1      ;
+----------------------------+--------+


+------------------------------------------------------------------------------------------------------------------------------------------------------------------------+
; Analysis & Synthesis Source Files Read                                                                                                                                 ;
+----------------------------------+-----------------+------------------------------------------+--------------------------------------------------------------+---------+
; File Name with User-Entered Path ; Used in Netlist ; File Type                                ; File Name with Absolute Path                                 ; Library ;
+----------------------------------+-----------------+------------------------------------------+--------------------------------------------------------------+---------+
; MUX2_1_8BITS.bdf                 ; yes             ; User Block Diagram/Schematic File        ; D:/TKLLS/Lab4_5/MUX2_1_8BITS.bdf                             ;         ;
; RegSum.bdf                       ; yes             ; User Block Diagram/Schematic File        ; D:/TKLLS/Lab4_5/RegSum.bdf                                   ;         ;
; SUB1_8BITS.bdf                   ; yes             ; User Block Diagram/Schematic File        ; D:/TKLLS/Lab4_5/SUB1_8BITS.bdf                               ;         ;
; FA_8BITS.bdf                     ; yes             ; User Block Diagram/Schematic File        ; D:/TKLLS/Lab4_5/FA_8BITS.bdf                                 ;         ;
; DATAPATH.bdf                     ; yes             ; User Block Diagram/Schematic File        ; D:/TKLLS/Lab4_5/DATAPATH.bdf                                 ;         ;
; CONTROLLLER2.bdf                 ; yes             ; User Block Diagram/Schematic File        ; D:/TKLLS/Lab4_5/CONTROLLLER2.bdf                             ;         ;
; MAIN.bdf                         ; yes             ; User Block Diagram/Schematic File        ; D:/TKLLS/Lab4_5/MAIN.bdf                                     ;         ;
; full_adder.bdf                   ; yes             ; Auto-Found Block Diagram/Schematic File  ; D:/TKLLS/Lab4_5/full_adder.bdf                               ;         ;
; xor3.bdf                         ; yes             ; Megafunction                             ; c:/altera/13.0sp1/quartus/libraries/others/maxplus2/xor3.bdf ;         ;
; mux2-1bit.bdf                    ; yes             ; Auto-Found Block Diagram/Schematic File  ; D:/TKLLS/Lab4_5/mux2-1bit.bdf                                ;         ;
; 7447.bdf                         ; yes             ; Megafunction                             ; c:/altera/13.0sp1/quartus/libraries/others/maxplus2/7447.bdf ;         ;
+----------------------------------+-----------------+------------------------------------------+--------------------------------------------------------------+---------+


+-----------------------------------------------------+
; Analysis & Synthesis Resource Usage Summary         ;
+---------------------------------------------+-------+
; Resource                                    ; Usage ;
+---------------------------------------------+-------+
; Estimated Total logic elements              ; 49    ;
;                                             ;       ;
; Total combinational functions               ; 49    ;
; Logic element usage by number of LUT inputs ;       ;
;     -- 4 input functions                    ; 21    ;
;     -- 3 input functions                    ; 22    ;
;     -- <=2 input functions                  ; 6     ;
;                                             ;       ;
; Logic elements by mode                      ;       ;
;     -- normal mode                          ; 49    ;
;     -- arithmetic mode                      ; 0     ;
;                                             ;       ;
; Total registers                             ; 19    ;
;     -- Dedicated logic registers            ; 19    ;
;     -- I/O registers                        ; 0     ;
;                                             ;       ;
; I/O pins                                    ; 38    ;
; Embedded Multiplier 9-bit elements          ; 0     ;
; Maximum fan-out node                        ; CLK   ;
; Maximum fan-out                             ; 19    ;
; Total fan-out                               ; 260   ;
; Average fan-out                             ; 2.45  ;
+---------------------------------------------+-------+


+---------------------------------------------------------------------------------------------------------------------------------------------------------------------------------------------------------------------------+
; Analysis & Synthesis Resource Utilization by Entity                                                                                                                                                                       ;
+------------------------------+-------------------+--------------+-------------+--------------+---------+-----------+------+--------------+-----------------------------------------------------------------+--------------+
; Compilation Hierarchy Node   ; LC Combinationals ; LC Registers ; Memory Bits ; DSP Elements ; DSP 9x9 ; DSP 18x18 ; Pins ; Virtual Pins ; Full Hierarchy Name                                             ; Library Name ;
+------------------------------+-------------------+--------------+-------------+--------------+---------+-----------+------+--------------+-----------------------------------------------------------------+--------------+
; |MAIN                        ; 49 (0)            ; 19 (0)       ; 0           ; 0            ; 0       ; 0         ; 38   ; 0            ; |MAIN                                                           ; work         ;
;    |7447:inst2|              ; 12 (12)           ; 0 (0)        ; 0           ; 0            ; 0       ; 0         ; 0    ; 0            ; |MAIN|7447:inst2                                                ; work         ;
;    |CONTROLLLER2:inst5|      ; 4 (4)             ; 3 (3)        ; 0           ; 0            ; 0       ; 0         ; 0    ; 0            ; |MAIN|CONTROLLLER2:inst5                                        ; work         ;
;    |DATAPATH:inst|           ; 33 (5)            ; 16 (0)       ; 0           ; 0            ; 0       ; 0         ; 0    ; 0            ; |MAIN|DATAPATH:inst                                             ; work         ;
;       |FA_8BITS:inst11|      ; 18 (0)            ; 0 (0)        ; 0           ; 0            ; 0       ; 0         ; 0    ; 0            ; |MAIN|DATAPATH:inst|FA_8BITS:inst11                             ; work         ;
;          |full_adder:inst10| ; 3 (0)             ; 0 (0)        ; 0           ; 0            ; 0       ; 0         ; 0    ; 0            ; |MAIN|DATAPATH:inst|FA_8BITS:inst11|full_adder:inst10           ; work         ;
;             |xor3:inst|      ; 3 (3)             ; 0 (0)        ; 0           ; 0            ; 0       ; 0         ; 0    ; 0            ; |MAIN|DATAPATH:inst|FA_8BITS:inst11|full_adder:inst10|xor3:inst ; work         ;
;          |full_adder:inst1|  ; 2 (1)             ; 0 (0)        ; 0           ; 0            ; 0       ; 0         ; 0    ; 0            ; |MAIN|DATAPATH:inst|FA_8BITS:inst11|full_adder:inst1            ; work         ;
;             |xor3:inst|      ; 1 (1)             ; 0 (0)        ; 0           ; 0            ; 0       ; 0         ; 0    ; 0            ; |MAIN|DATAPATH:inst|FA_8BITS:inst11|full_adder:inst1|xor3:inst  ; work         ;
;          |full_adder:inst2|  ; 3 (2)             ; 0 (0)        ; 0           ; 0            ; 0       ; 0         ; 0    ; 0            ; |MAIN|DATAPATH:inst|FA_8BITS:inst11|full_adder:inst2            ; work         ;
;             |xor3:inst|      ; 1 (1)             ; 0 (0)        ; 0           ; 0            ; 0       ; 0         ; 0    ; 0            ; |MAIN|DATAPATH:inst|FA_8BITS:inst11|full_adder:inst2|xor3:inst  ; work         ;
;          |full_adder:inst3|  ; 2 (1)             ; 0 (0)        ; 0           ; 0            ; 0       ; 0         ; 0    ; 0            ; |MAIN|DATAPATH:inst|FA_8BITS:inst11|full_adder:inst3            ; work         ;
;             |xor3:inst|      ; 1 (1)             ; 0 (0)        ; 0           ; 0            ; 0       ; 0         ; 0    ; 0            ; |MAIN|DATAPATH:inst|FA_8BITS:inst11|full_adder:inst3|xor3:inst  ; work         ;
;          |full_adder:inst7|  ; 4 (3)             ; 0 (0)        ; 0           ; 0            ; 0       ; 0         ; 0    ; 0            ; |MAIN|DATAPATH:inst|FA_8BITS:inst11|full_adder:inst7            ; work         ;
;             |xor3:inst|      ; 1 (1)             ; 0 (0)        ; 0           ; 0            ; 0       ; 0         ; 0    ; 0            ; |MAIN|DATAPATH:inst|FA_8BITS:inst11|full_adder:inst7|xor3:inst  ; work         ;
;          |full_adder:inst8|  ; 2 (1)             ; 0 (0)        ; 0           ; 0            ; 0       ; 0         ; 0    ; 0            ; |MAIN|DATAPATH:inst|FA_8BITS:inst11|full_adder:inst8            ; work         ;
;             |xor3:inst|      ; 1 (1)             ; 0 (0)        ; 0           ; 0            ; 0       ; 0         ; 0    ; 0            ; |MAIN|DATAPATH:inst|FA_8BITS:inst11|full_adder:inst8|xor3:inst  ; work         ;
;          |full_adder:inst9|  ; 1 (0)             ; 0 (0)        ; 0           ; 0            ; 0       ; 0         ; 0    ; 0            ; |MAIN|DATAPATH:inst|FA_8BITS:inst11|full_adder:inst9            ; work         ;
;             |xor3:inst|      ; 1 (1)             ; 0 (0)        ; 0           ; 0            ; 0       ; 0         ; 0    ; 0            ; |MAIN|DATAPATH:inst|FA_8BITS:inst11|full_adder:inst9|xor3:inst  ; work         ;
;          |full_adder:inst|   ; 1 (0)             ; 0 (0)        ; 0           ; 0            ; 0       ; 0         ; 0    ; 0            ; |MAIN|DATAPATH:inst|FA_8BITS:inst11|full_adder:inst             ; work         ;
;             |xor3:inst|      ; 1 (1)             ; 0 (0)        ; 0           ; 0            ; 0       ; 0         ; 0    ; 0            ; |MAIN|DATAPATH:inst|FA_8BITS:inst11|full_adder:inst|xor3:inst   ; work         ;
;       |RegSum:inst1|         ; 8 (0)             ; 8 (8)        ; 0           ; 0            ; 0       ; 0         ; 0    ; 0            ; |MAIN|DATAPATH:inst|RegSum:inst1                                ; work         ;
;          |mux2-1bit:inst10|  ; 1 (1)             ; 0 (0)        ; 0           ; 0            ; 0       ; 0         ; 0    ; 0            ; |MAIN|DATAPATH:inst|RegSum:inst1|mux2-1bit:inst10               ; work         ;
;          |mux2-1bit:inst14|  ; 1 (1)             ; 0 (0)        ; 0           ; 0            ; 0       ; 0         ; 0    ; 0            ; |MAIN|DATAPATH:inst|RegSum:inst1|mux2-1bit:inst14               ; work         ;
;          |mux2-1bit:inst15|  ; 1 (1)             ; 0 (0)        ; 0           ; 0            ; 0       ; 0         ; 0    ; 0            ; |MAIN|DATAPATH:inst|RegSum:inst1|mux2-1bit:inst15               ; work         ;
;          |mux2-1bit:inst16|  ; 1 (1)             ; 0 (0)        ; 0           ; 0            ; 0       ; 0         ; 0    ; 0            ; |MAIN|DATAPATH:inst|RegSum:inst1|mux2-1bit:inst16               ; work         ;
;          |mux2-1bit:inst6|   ; 1 (1)             ; 0 (0)        ; 0           ; 0            ; 0       ; 0         ; 0    ; 0            ; |MAIN|DATAPATH:inst|RegSum:inst1|mux2-1bit:inst6                ; work         ;
;          |mux2-1bit:inst7|   ; 1 (1)             ; 0 (0)        ; 0           ; 0            ; 0       ; 0         ; 0    ; 0            ; |MAIN|DATAPATH:inst|RegSum:inst1|mux2-1bit:inst7                ; work         ;
;          |mux2-1bit:inst8|   ; 1 (1)             ; 0 (0)        ; 0           ; 0            ; 0       ; 0         ; 0    ; 0            ; |MAIN|DATAPATH:inst|RegSum:inst1|mux2-1bit:inst8                ; work         ;
;          |mux2-1bit:inst9|   ; 1 (1)             ; 0 (0)        ; 0           ; 0            ; 0       ; 0         ; 0    ; 0            ; |MAIN|DATAPATH:inst|RegSum:inst1|mux2-1bit:inst9                ; work         ;
;       |RegSum:inst|          ; 0 (0)             ; 8 (8)        ; 0           ; 0            ; 0       ; 0         ; 0    ; 0            ; |MAIN|DATAPATH:inst|RegSum:inst                                 ; work         ;
;       |SUB1_8BITS:inst5|     ; 2 (0)             ; 0 (0)        ; 0           ; 0            ; 0       ; 0         ; 0    ; 0            ; |MAIN|DATAPATH:inst|SUB1_8BITS:inst5                            ; work         ;
;          |full_adder:inst2|  ; 1 (0)             ; 0 (0)        ; 0           ; 0            ; 0       ; 0         ; 0    ; 0            ; |MAIN|DATAPATH:inst|SUB1_8BITS:inst5|full_adder:inst2           ; work         ;
;             |xor3:inst|      ; 1 (1)             ; 0 (0)        ; 0           ; 0            ; 0       ; 0         ; 0    ; 0            ; |MAIN|DATAPATH:inst|SUB1_8BITS:inst5|full_adder:inst2|xor3:inst ; work         ;
;          |full_adder:inst3|  ; 1 (0)             ; 0 (0)        ; 0           ; 0            ; 0       ; 0         ; 0    ; 0            ; |MAIN|DATAPATH:inst|SUB1_8BITS:inst5|full_adder:inst3           ; work         ;
;             |xor3:inst|      ; 1 (1)             ; 0 (0)        ; 0           ; 0            ; 0       ; 0         ; 0    ; 0            ; |MAIN|DATAPATH:inst|SUB1_8BITS:inst5|full_adder:inst3|xor3:inst ; work         ;
+------------------------------+-------------------+--------------+-------------+--------------+---------+-----------+------+--------------+-----------------------------------------------------------------+--------------+
Note: For table entries with two numbers listed, the numbers in parentheses indicate the number of resources of the given type used by the specific entity alone. The numbers listed outside of parentheses indicate the total resources of the given type used by the specific entity and all of its sub-entities in the hierarchy.


+------------------------------------------------------+
; General Register Statistics                          ;
+----------------------------------------------+-------+
; Statistic                                    ; Value ;
+----------------------------------------------+-------+
; Total registers                              ; 19    ;
; Number of registers using Synchronous Clear  ; 0     ;
; Number of registers using Synchronous Load   ; 0     ;
; Number of registers using Asynchronous Clear ; 8     ;
; Number of registers using Asynchronous Load  ; 0     ;
; Number of registers using Clock Enable       ; 16    ;
; Number of registers using Preset             ; 0     ;
+----------------------------------------------+-------+


+-------------------------------------------------------------------------------------------------------------------------------------------------------+
; Multiplexer Restructuring Statistics (Restructuring Performed)                                                                                        ;
+--------------------+-----------+---------------+----------------------+------------------------+------------+-----------------------------------------+
; Multiplexer Inputs ; Bus Width ; Baseline Area ; Area if Restructured ; Saving if Restructured ; Registered ; Example Multiplexer Output              ;
+--------------------+-----------+---------------+----------------------+------------------------+------------+-----------------------------------------+
; 3:1                ; 8 bits    ; 16 LEs        ; 8 LEs                ; 8 LEs                  ; Yes        ; |MAIN|DATAPATH:inst|RegSum:inst1|inst12 ;
+--------------------+-----------+---------------+----------------------+------------------------+------------+-----------------------------------------+


+-------------------------------+
; Elapsed Time Per Partition    ;
+----------------+--------------+
; Partition Name ; Elapsed Time ;
+----------------+--------------+
; Top            ; 00:00:00     ;
+----------------+--------------+


+-------------------------------+
; Analysis & Synthesis Messages ;
+-------------------------------+
Info: *******************************************************************
Info: Running Quartus II 64-Bit Analysis & Synthesis
    Info: Version 13.0.1 Build 232 06/12/2013 Service Pack 1 SJ Web Edition
    Info: Processing started: Thu Nov 13 10:21:19 2025
Info: Command: quartus_map --read_settings_files=on --write_settings_files=off lab4_5 -c lab4_5
Warning (20028): Parallel compilation is not licensed and has been disabled
Info (12021): Found 1 design units, including 1 entities, in source file mux2_1_8bits.bdf
    Info (12023): Found entity 1: MUX2_1_8BITS
Info (12021): Found 1 design units, including 1 entities, in source file regsum.bdf
    Info (12023): Found entity 1: RegSum
Info (12021): Found 1 design units, including 1 entities, in source file sub1_8bits.bdf
    Info (12023): Found entity 1: SUB1_8BITS
Info (12021): Found 1 design units, including 1 entities, in source file fa_8bits.bdf
    Info (12023): Found entity 1: FA_8BITS
Info (12021): Found 1 design units, including 1 entities, in source file controller.bdf
    Info (12023): Found entity 1: Controller
Info (12021): Found 1 design units, including 1 entities, in source file datapath.bdf
    Info (12023): Found entity 1: DATAPATH
Info (12021): Found 1 design units, including 1 entities, in source file controlller2.bdf
    Info (12023): Found entity 1: CONTROLLLER2
Info (12021): Found 1 design units, including 1 entities, in source file display.bdf
    Info (12023): Found entity 1: DISPLAY
Info (12021): Found 1 design units, including 1 entities, in source file block1.bdf
    Info (12023): Found entity 1: Block1
Info (12021): Found 1 design units, including 1 entities, in source file main.bdf
    Info (12023): Found entity 1: MAIN
Info (12127): Elaborating entity "MAIN" for the top level hierarchy
Info (12128): Elaborating entity "DATAPATH" for hierarchy "DATAPATH:inst"
Info (12128): Elaborating entity "FA_8BITS" for hierarchy "DATAPATH:inst|FA_8BITS:inst11"
Warning (12125): Using design file full_adder.bdf, which is not specified as a design file for the current project, but contains definitions for 1 design units and 1 entities in project
    Info (12023): Found entity 1: full_adder
Info (12128): Elaborating entity "full_adder" for hierarchy "DATAPATH:inst|FA_8BITS:inst11|full_adder:inst9"
Info (12128): Elaborating entity "XOR3" for hierarchy "DATAPATH:inst|FA_8BITS:inst11|full_adder:inst9|XOR3:inst"
Info (12130): Elaborated megafunction instantiation "DATAPATH:inst|FA_8BITS:inst11|full_adder:inst9|XOR3:inst"
Info (12128): Elaborating entity "RegSum" for hierarchy "DATAPATH:inst|RegSum:inst1"
Warning (12125): Using design file mux2-1bit.bdf, which is not specified as a design file for the current project, but contains definitions for 1 design units and 1 entities in project
    Info (12023): Found entity 1: mux2-1bit
Info (12128): Elaborating entity "mux2-1bit" for hierarchy "DATAPATH:inst|RegSum:inst1|mux2-1bit:inst10"
Info (12128): Elaborating entity "MUX2_1_8BITS" for hierarchy "DATAPATH:inst|MUX2_1_8BITS:inst2"
Info (12128): Elaborating entity "SUB1_8BITS" for hierarchy "DATAPATH:inst|SUB1_8BITS:inst5"
Info (12128): Elaborating entity "CONTROLLLER2" for hierarchy "CONTROLLLER2:inst5"
Info (12128): Elaborating entity "7447" for hierarchy "7447:inst2"
Info (12130): Elaborated megafunction instantiation "7447:inst2"
Info (16010): Generating hard_block partition "hard_block:auto_generated_inst"
    Info (16011): Adding 0 node(s), including 0 DDIO, 0 PLL, 0 transceiver and 0 LCELL
Info (21057): Implemented 95 device resources after synthesis - the final resource count might be different
    Info (21058): Implemented 10 input pins
    Info (21059): Implemented 28 output pins
    Info (21061): Implemented 57 logic cells
Info: Quartus II 64-Bit Analysis & Synthesis was successful. 0 errors, 3 warnings
    Info: Peak virtual memory: 4611 megabytes
    Info: Processing ended: Thu Nov 13 10:21:20 2025
    Info: Elapsed time: 00:00:01
    Info: Total CPU time (on all processors): 00:00:01


